ERROR - 2023-04-15 00:01:56 --> mysqli_sql_exception: Unknown column 'token' in 'where clause' in D:\LKS - WEB TECHNOLOGY\DEMO\latihan-lks\system\Database\MySQLi\Connection.php:295
Stack trace:
#0 D:\LKS - WEB TECHNOLOGY\DEMO\latihan-lks\system\Database\MySQLi\Connection.php(295): mysqli->query('SELECT *\nFROM `...', 0)
#1 D:\LKS - WEB TECHNOLOGY\DEMO\latihan-lks\system\Database\BaseConnection.php(691): CodeIgniter\Database\MySQLi\Connection->execute('SELECT *\nFROM `...')
#2 D:\LKS - WEB TECHNOLOGY\DEMO\latihan-lks\system\Database\BaseConnection.php(605): CodeIgniter\Database\BaseConnection->simpleQuery('SELECT *\nFROM `...')
#3 D:\LKS - WEB TECHNOLOGY\DEMO\latihan-lks\system\Database\BaseBuilder.php(1616): CodeIgniter\Database\BaseConnection->query('SELECT *\nFROM `...', Array, false)
#4 D:\LKS - WEB TECHNOLOGY\DEMO\latihan-lks\app\Controllers\Auth.php(58): CodeIgniter\Database\BaseBuilder->get()
#5 D:\LKS - WEB TECHNOLOGY\DEMO\latihan-lks\system\CodeIgniter.php(934): App\Controllers\Auth->logout()
#6 D:\LKS - WEB TECHNOLOGY\DEMO\latihan-lks\system\CodeIgniter.php(499): CodeIgniter\CodeIgniter->runController(Object(App\Controllers\Auth))
#7 D:\LKS - WEB TECHNOLOGY\DEMO\latihan-lks\system\CodeIgniter.php(368): CodeIgniter\CodeIgniter->handleRequest(NULL, Object(Config\Cache), false)
#8 D:\LKS - WEB TECHNOLOGY\DEMO\latihan-lks\public\index.php(67): CodeIgniter\CodeIgniter->run()
#9 D:\LKS - WEB TECHNOLOGY\DEMO\latihan-lks\system\Commands\Server\rewrite.php(47): require_once('D:\\LKS - WEB TE...')
#10 {main}
CRITICAL - 2023-04-15 00:01:56 --> Unknown column 'token' in 'where clause'
in SYSTEMPATH\Database\MySQLi\Connection.php on line 295.
 1 SYSTEMPATH\Database\MySQLi\Connection.php(295): mysqli->query('SELECT *
FROM `societies`
WHERE `token` = \'93279e3308bdbbeed946fc965017f67a\'', 0)
 2 SYSTEMPATH\Database\BaseConnection.php(691): CodeIgniter\Database\MySQLi\Connection->execute('SELECT *
FROM `societies`
WHERE `token` = \'93279e3308bdbbeed946fc965017f67a\'')
 3 SYSTEMPATH\Database\BaseConnection.php(605): CodeIgniter\Database\BaseConnection->simpleQuery('SELECT *
FROM `societies`
WHERE `token` = \'93279e3308bdbbeed946fc965017f67a\'')
 4 SYSTEMPATH\Database\BaseBuilder.php(1616): CodeIgniter\Database\BaseConnection->query('SELECT *
FROM `societies`
WHERE `token` = :token:', [...], false)
 5 APPPATH\Controllers\Auth.php(58): CodeIgniter\Database\BaseBuilder->get()
 6 SYSTEMPATH\CodeIgniter.php(934): App\Controllers\Auth->logout()
 7 SYSTEMPATH\CodeIgniter.php(499): CodeIgniter\CodeIgniter->runController(Object(App\Controllers\Auth))
 8 SYSTEMPATH\CodeIgniter.php(368): CodeIgniter\CodeIgniter->handleRequest(null, Object(Config\Cache), false)
 9 FCPATH\index.php(67): CodeIgniter\CodeIgniter->run()
10 SYSTEMPATH\Commands\Server\rewrite.php(47): require_once('D:\\LKS - WEB TECHNOLOGY\\DEMO\\latihan-lks\\public\\index.php')
CRITICAL - 2023-04-15 00:02:15 --> count(): Argument #1 ($value) must be of type Countable|array, null given
in APPPATH\Controllers\Auth.php on line 59.
 1 APPPATH\Controllers\Auth.php(59): count(null)
 2 SYSTEMPATH\CodeIgniter.php(934): App\Controllers\Auth->logout()
 3 SYSTEMPATH\CodeIgniter.php(499): CodeIgniter\CodeIgniter->runController(Object(App\Controllers\Auth))
 4 SYSTEMPATH\CodeIgniter.php(368): CodeIgniter\CodeIgniter->handleRequest(null, Object(Config\Cache), false)
 5 FCPATH\index.php(67): CodeIgniter\CodeIgniter->run()
 6 SYSTEMPATH\Commands\Server\rewrite.php(47): require_once('D:\\LKS - WEB TECHNOLOGY\\DEMO\\latihan-lks\\public\\index.php')
CRITICAL - 2023-04-15 00:03:21 --> count(): Argument #1 ($value) must be of type Countable|array, null given
in APPPATH\Controllers\Auth.php on line 59.
 1 APPPATH\Controllers\Auth.php(59): count(null)
 2 SYSTEMPATH\CodeIgniter.php(934): App\Controllers\Auth->logout()
 3 SYSTEMPATH\CodeIgniter.php(499): CodeIgniter\CodeIgniter->runController(Object(App\Controllers\Auth))
 4 SYSTEMPATH\CodeIgniter.php(368): CodeIgniter\CodeIgniter->handleRequest(null, Object(Config\Cache), false)
 5 FCPATH\index.php(67): CodeIgniter\CodeIgniter->run()
 6 SYSTEMPATH\Commands\Server\rewrite.php(47): require_once('D:\\LKS - WEB TECHNOLOGY\\DEMO\\latihan-lks\\public\\index.php')
